<?xml version="1.0" encoding="UTF-8"?>
<!-- Generated by org.testng.reporters.JUnitXMLReporter -->
<testsuite hostname="avoranavalap" ignored="2" name="Surefire test" tests="0" failures="0" timestamp="2019-02-01T02:01:08 MSK" time="19.974" errors="0">
  <testcase name="@BeforeSuite initTestSuite" time="0.0" classname="com.automation.tutby.tests.TestBase">
    <ignored/>
  </testcase> <!-- @BeforeSuite initTestSuite -->
  <testcase name="@BeforeSuite initTestSuite" time="0.0" classname="com.automation.tutby.tests.TestBase">
    <ignored/>
  </testcase> <!-- @BeforeSuite initTestSuite -->
</testsuite> <!-- Surefire test -->
